<?xml version="1.0" encoding="UTF-8"?>
<!-- Generated by org.testng.reporters.JUnitXMLReporter -->
<testsuite hostname="HP-PC" ignored="0" name="FirefoxTest" tests="3" failures="0" timestamp="2021-03-21T14:26:46 IST" time="122.328" errors="0">
  <testcase name="runCreateLead" time="5.322" classname="TestLeaf.CreateLead"/>
  <testcase name="runCreateLead" time="9.865" classname="TestLeaf.CreateLead"/>
  <testcase name="runCreateLead" time="7.093" classname="TestLeaf.CreateLead"/>
</testsuite> <!-- FirefoxTest -->
