<?xml version="1.0" encoding="UTF-8"?>
<!-- Generated by org.testng.reporters.JUnitXMLReporter -->
<testsuite hostname="HP-PC" ignored="0" name="Test" tests="3" failures="0" timestamp="2021-03-14T18:38:53 IST" time="138.046" errors="0">
  <testcase name="runCreateLead" time="7.305" classname="Week2Assignments.CreateLead"/>
  <testcase name="runCreateLead" time="6.382" classname="Week2Assignments.CreateLead"/>
  <testcase name="runCreateLead" time="8.086" classname="Week2Assignments.CreateLead"/>
</testsuite> <!-- Test -->
