<?xml version="1.0" encoding="UTF-8"?>
<!-- Generated by org.testng.reporters.JUnitXMLReporter -->
<testsuite hostname="HP-PC" ignored="0" name="testng_retry" tests="7" failures="1" timestamp="2021-03-20T16:43:28 IST" time="0.205" errors="0">
  <testcase name="createLead" time="0.043" classname="testng.day3.TestExample"/>
  <testcase name="duplicateLead" time="0.002" classname="testng.day3.TestExample"/>
  <testcase name="editLead" time="0.004" classname="testng.day3.TestExample">
    <skipped/>
  </testcase> <!-- editLead -->
  <testcase name="editLead" time="0.002" classname="testng.day3.TestExample">
    <skipped/>
  </testcase> <!-- editLead -->
  <testcase name="editLead" time="0.007" classname="testng.day3.TestExample">
    <skipped/>
  </testcase> <!-- editLead -->
  <testcase name="editLead" time="0.007" classname="testng.day3.TestExample">
    <failure type="java.util.NoSuchElementException">
      <![CDATA[java.util.NoSuchElementException
at testng.day3.TestExample.editLead(TestExample.java:17)
at java.util.ArrayList.forEach(ArrayList.java:1234)
... Removed 28 stack frames]]>
    </failure>
  </testcase> <!-- editLead -->
  <testcase name="mergeLead" time="0.006" classname="testng.day3.TestExample"/>
</testsuite> <!-- testng_retry -->
